warning: test tests/userprog/exec-bound-3 doesn't count for grading
warning: test tests/userprog/sc-boundary-3 doesn't count for grading
warning: test tests/userprog/exec-bound doesn't count for grading
warning: test tests/userprog/exec-bound-2 doesn't count for grading
TOTAL TESTING SCORE: 92.7%

- - - - - - - - - - - - - - - - - - - - - - - - - - - - - - - - - - - - - - 

SUMMARY BY TEST SET

Test Set                                      Pts Max  % Ttl  % Max
--------------------------------------------- --- --- ------ ------
tests/vm/Rubric.functionality                  47/ 55  42.7%/ 50.0%
tests/vm/Rubric.robustness                     28/ 28  15.0%/ 15.0%
tests/userprog/Rubric.functionality           108/108  10.0%/ 10.0%
tests/userprog/Rubric.robustness               88/ 88   5.0%/  5.0%
tests/filesys/base/Rubric                      30/ 30  20.0%/ 20.0%
--------------------------------------------- --- --- ------ ------
Total                                                  92.7%/100.0%

- - - - - - - - - - - - - - - - - - - - - - - - - - - - - - - - - - - - - - 

SUMMARY OF INDIVIDUAL TESTS

Functionality of virtual memory subsystem (tests/vm/Rubric.functionality):
	- Test stack growth.
	     3/ 3 tests/vm/pt-grow-stack
	     3/ 3 tests/vm/pt-grow-stk-sc
	     3/ 3 tests/vm/pt-big-stk-obj
	     3/ 3 tests/vm/pt-grow-pusha

	- Test paging behavior.
	     3/ 3 tests/vm/page-linear
	     3/ 3 tests/vm/page-parallel
	     3/ 3 tests/vm/page-shuffle
	     4/ 4 tests/vm/page-merge-seq
	     4/ 4 tests/vm/page-merge-par
	  ** 0/ 4 tests/vm/page-merge-mm
	  ** 0/ 4 tests/vm/page-merge-stk

	- Test "mmap" system call.
	     2/ 2 tests/vm/mmap-read
	     2/ 2 tests/vm/mmap-write
	     2/ 2 tests/vm/mmap-shuffle

	     2/ 2 tests/vm/mmap-twice

	     2/ 2 tests/vm/mmap-unmap
	     1/ 1 tests/vm/mmap-exit

	     3/ 3 tests/vm/mmap-clean

	     2/ 2 tests/vm/mmap-close
	     2/ 2 tests/vm/mmap-remove

	- Section summary.
	     18/ 20 tests passed
	     47/ 55 points subtotal

Robustness of virtual memory subsystem (tests/vm/Rubric.robustness):
	- Test robustness of page table support.
	     2/ 2 tests/vm/pt-bad-addr
	     3/ 3 tests/vm/pt-bad-read
	     2/ 2 tests/vm/pt-write-code
	     3/ 3 tests/vm/pt-write-code2
	     4/ 4 tests/vm/pt-grow-bad

	- Test robustness of "mmap" system call.
	     1/ 1 tests/vm/mmap-bad-fd
	     1/ 1 tests/vm/mmap-inherit
	     1/ 1 tests/vm/mmap-null
	     1/ 1 tests/vm/mmap-zero

	     2/ 2 tests/vm/mmap-misalign

	     2/ 2 tests/vm/mmap-over-code
	     2/ 2 tests/vm/mmap-over-data
	     2/ 2 tests/vm/mmap-over-stk
	     2/ 2 tests/vm/mmap-overlap


	- Section summary.
	     14/ 14 tests passed
	     28/ 28 points subtotal

Functionality of system calls (tests/userprog/Rubric.functionality):
	- Test argument passing on Pintos command line.
	     3/ 3 tests/userprog/args-none
	     3/ 3 tests/userprog/args-single
	     3/ 3 tests/userprog/args-multiple
	     3/ 3 tests/userprog/args-many
	     3/ 3 tests/userprog/args-dbl-space

	- Test "create" system call.
	     3/ 3 tests/userprog/create-empty
	     3/ 3 tests/userprog/create-long
	     3/ 3 tests/userprog/create-normal
	     3/ 3 tests/userprog/create-exists

	- Test "open" system call.
	     3/ 3 tests/userprog/open-missing
	     3/ 3 tests/userprog/open-normal
	     3/ 3 tests/userprog/open-twice

	- Test "read" system call.
	     3/ 3 tests/userprog/read-normal
	     3/ 3 tests/userprog/read-zero

	- Test "write" system call.
	     3/ 3 tests/userprog/write-normal
	     3/ 3 tests/userprog/write-zero

	- Test "close" system call.
	     3/ 3 tests/userprog/close-normal

	- Test "exec" system call.
	     5/ 5 tests/userprog/exec-once
	     5/ 5 tests/userprog/exec-multiple
	     5/ 5 tests/userprog/exec-arg

	- Test "wait" system call.
	     5/ 5 tests/userprog/wait-simple
	     5/ 5 tests/userprog/wait-twice

	- Test "exit" system call.
	     5/ 5 tests/userprog/exit

	- Test "halt" system call.
	     3/ 3 tests/userprog/halt

	- Test recursive execution of user programs.
	    15/15 tests/userprog/multi-recurse

	- Test read-only executable feature.
	     3/ 3 tests/userprog/rox-simple
	     3/ 3 tests/userprog/rox-child
	     3/ 3 tests/userprog/rox-multichild

	- Section summary.
	     28/ 28 tests passed
	    108/108 points subtotal

Robustness of system calls (tests/userprog/Rubric.robustness):
	- Test robustness of file descriptor handling.
	     2/ 2 tests/userprog/close-stdin
	     2/ 2 tests/userprog/close-stdout
	     2/ 2 tests/userprog/close-bad-fd
	     2/ 2 tests/userprog/close-twice
	     2/ 2 tests/userprog/read-bad-fd
	     2/ 2 tests/userprog/read-stdout
	     2/ 2 tests/userprog/write-bad-fd
	     2/ 2 tests/userprog/write-stdin
	     2/ 2 tests/userprog/multi-child-fd

	- Test robustness of pointer handling.
	     3/ 3 tests/userprog/create-bad-ptr
	     3/ 3 tests/userprog/exec-bad-ptr
	     3/ 3 tests/userprog/open-bad-ptr
	     3/ 3 tests/userprog/read-bad-ptr
	     3/ 3 tests/userprog/write-bad-ptr

	- Test robustness of buffer copying across page boundaries.
	     3/ 3 tests/userprog/create-bound
	     3/ 3 tests/userprog/open-boundary
	     3/ 3 tests/userprog/read-boundary
	     3/ 3 tests/userprog/write-boundary

	- Test handling of null pointer and empty strings.
	     2/ 2 tests/userprog/create-null
	     2/ 2 tests/userprog/open-null
	     2/ 2 tests/userprog/open-empty

	- Test robustness of system call implementation.
	     3/ 3 tests/userprog/sc-bad-arg
	     3/ 3 tests/userprog/sc-bad-sp
	     5/ 5 tests/userprog/sc-boundary
	     5/ 5 tests/userprog/sc-boundary-2

	- Test robustness of "exec" and "wait" system calls.
	     5/ 5 tests/userprog/exec-missing
	     5/ 5 tests/userprog/wait-bad-pid
	     5/ 5 tests/userprog/wait-killed

	- Test robustness of exception handling.
	     1/ 1 tests/userprog/bad-read
	     1/ 1 tests/userprog/bad-write
	     1/ 1 tests/userprog/bad-jump
	     1/ 1 tests/userprog/bad-read2
	     1/ 1 tests/userprog/bad-write2
	     1/ 1 tests/userprog/bad-jump2

	- Section summary.
	     34/ 34 tests passed
	     88/ 88 points subtotal

Functionality of base file system (tests/filesys/base/Rubric):
	- Test basic support for small files.
	     1/ 1 tests/filesys/base/sm-create
	     2/ 2 tests/filesys/base/sm-full
	     2/ 2 tests/filesys/base/sm-random
	     2/ 2 tests/filesys/base/sm-seq-block
	     3/ 3 tests/filesys/base/sm-seq-random

	- Test basic support for large files.
	     1/ 1 tests/filesys/base/lg-create
	     2/ 2 tests/filesys/base/lg-full
	     2/ 2 tests/filesys/base/lg-random
	     2/ 2 tests/filesys/base/lg-seq-block
	     3/ 3 tests/filesys/base/lg-seq-random

	- Test synchronized multiprogram access to files.
	     4/ 4 tests/filesys/base/syn-read
	     4/ 4 tests/filesys/base/syn-write
	     2/ 2 tests/filesys/base/syn-remove

	- Section summary.
	     13/ 13 tests passed
	     30/ 30 points subtotal


- - - - - - - - - - - - - - - - - - - - - - - - - - - - - - - - - - - - - - 

DETAILS OF tests/vm/page-merge-mm FAILURE:

Run didn't shut down properly: no "Timer: # ticks" message

OUTPUT FROM tests/vm/page-merge-mm:

Copying tests/vm/page-merge-mm to scratch partition...
Copying tests/vm/child-qsort-mm to scratch partition...
squish-pty bochs -q
Pintos hda1
Loading...............
Kernel command line: -q -f extract run page-merge-mm
Pintos booting with 4,096 kB RAM...
383 pages available in kernel pool.
383 pages available in user pool.
Calibrating timer...  204,600 loops/s.
hda: 13,104 sectors (6 MB), model "BXHD00011", serial "Generic 1234"
hda1: 241 sectors (120 kB), Pintos OS kernel (20)
hda2: 4,096 sectors (2 MB), Pintos file system (21)
hda3: 250 sectors (125 kB), Pintos scratch (22)
hda4: 8,192 sectors (4 MB), Pintos swap (23)
filesys: using hda2
scratch: using hda3
swap: using hda4
Formatting file system...done.
Boot complete.
Extracting ustar archive from scratch device into file system...
Putting 'page-merge-mm' into the file system...
Putting 'child-qsort-mm' into the file system...
Erasing ustar archive...
Executing 'page-merge-mm':
(page-merge-mm) begin
(page-merge-mm) init
(page-merge-mm) sort chunk 0
(page-merge-mm) sort chunk 1
(page-merge-mm) sort chunk 2
(page-merge-mm) sort chunk 3
child-qsort-mm: exit(-1)
(page-merge-mm) sort chunk 4
(page-merge-mm) sort chunk 5
child-qsort-mm: exit(-1)
User process ABORT at ../../tests/vm/qsort.c:80 in partition(): ô…ð¹wassertion `Äs1KÐ¬ŒDì/€Ë BL7fœå“Ø2µ¯Ë|‰8Luy¸*–~®èîœ""Ž…6zŠ8F˜å”l:ôÚ
‡ûgé»wRµy	à=]AŒKðTå°	±á½ižfÓ÷u,­'Ì{çã·.ßyB‘Ð£UÝñˆv¶9äZ¤ÞË>ÑHpµ-@eÄ>Ÿ¨Ýt<rŽ©§MQ5´ËÒL„c•ÎíY³©:Ge':³î/r\·eNBÉ=°8áŸk›‰SÏ' failed.
ÅœjH.ãÝœŽ™k z8<<no %Ä conversion>>s1KÐ¬ŒDì/€Ë BL7fœå“Ø2µ¯Ë|‰8Luy¸*–~®èîœ""Ž…6zŠ8F˜å”l:ôÚ
‡ûgé»wRµy	à=]AŒKðTå°	±á½ižfÓ÷u,­'Ì{çã·.ßyB‘Ð£UÝñˆv¶9äZ¤ÞË>ÑHpµ-@eÄ>Ÿ¨Ýt<rŽ©§MQ5´ËÒL„c•ÎíY³©:Ge':³î/r\·eNBÉ=°8áŸk›‰SÏ™k z8<<no %Ä conversion>>s1KÐ¬ŒDì/€Ë BL7fœå“Ø2µ¯Ë|‰8Luy¸*–~®èîœ""Ž…6zŠ8F˜å”l:ôÚ
‡ûgé»wRµy	à=]AŒKðTå°	±á½ižfÓ÷u,­'Ì{çã·.ßyB‘Ð£UÝñˆv¶9äZ¤ÞË>ÑHpµ-@eÄ>Ÿ¨Ýt<rŽ©§MQ5´ËÒL„c•ÎíY³©:Ge':³î/r\·eNBÉ=°8áŸk›‰SÏchild-qsort-mm: exit(-1)
child-qsort-mm: exit(-1)
User process ABORT at ../../tests/vm/qsort.c:80 in partition(): assertion `is_partitioned (array, size, pivot, left_size)' failed.
Call stack: 0x804a2f3.
The `backtrace' program can make call stacks useful.
Read "Backtraces" in the "Debugging Tools" chapter
of the Pintos documentation for more information.
child-qsort-mm: exit(1)
(page-merge-mm) sort chunk 6
Simulation terminated due to user process abort.

- - - - - - - - - - - - - - - - - - - - - - - - - - - - - - - - - - - - - - 

DETAILS OF tests/vm/page-merge-stk FAILURE:

run: TIMEOUT after 60 seconds of host CPU time

OUTPUT FROM tests/vm/page-merge-stk:

Copying tests/vm/page-merge-stk to scratch partition...
Copying tests/vm/child-qsort to scratch partition...
squish-pty bochs -q
Pintos hda1
Loading...............
Kernel command line: -q -f extract run page-merge-stk
Pintos booting with 4,096 kB RAM...
383 pages available in kernel pool.
383 pages available in user pool.
Calibrating timer...  204,600 loops/s.
hda: 13,104 sectors (6 MB), model "BXHD00011", serial "Generic 1234"
hda1: 241 sectors (120 kB), Pintos OS kernel (20)
hda2: 4,096 sectors (2 MB), Pintos file system (21)
hda3: 250 sectors (125 kB), Pintos scratch (22)
hda4: 8,192 sectors (4 MB), Pintos swap (23)
filesys: using hda2
scratch: using hda3
swap: using hda4
Formatting file system...done.
Boot complete.
Extracting ustar archive from scratch device into file system...
Putting 'page-merge-stk' into the file system...
Putting 'child-qsort' into the file system...
Erasing ustar archive...
Executing 'page-merge-stk':
(page-merge-stk) begin
(page-merge-stk) init
(page-merge-stk) sort chunk 0
(page-merge-stk) sort chunk 1
child-qsort: exit(-1)

TIMEOUT after 60 seconds of host CPU time
